0 verbose cli C:\Program Files\nodejs\node.exe C:\Program Files\nodejs\node_modules\npm\bin\npm-cli.js
1 info using npm@11.6.2
2 info using node@v24.13.0
3 silly config load:file:C:\Program Files\nodejs\node_modules\npm\npmrc
4 silly config load:file:d:\Users\adria\Downloads\zapflow\zapflow\backend\.npmrc
5 silly config load:file:C:\Users\adria\.npmrc
6 silly config load:file:d:\Users\adria\Downloads\zapflow\zapflow\backend\etc\npmrc
7 verbose title npm view pino-pretty description dist-tags.latest homepage version time
8 verbose argv "view" "--json" "--" "pino-pretty" "description" "dist-tags.latest" "homepage" "version" "time"
9 verbose logfile logs-max:10 dir:d:\Users\adria\Downloads\zapflow\zapflow\backend\.npm-cache\_logs\2026-02-22T18_23_29_352Z-
10 verbose logfile d:\Users\adria\Downloads\zapflow\zapflow\backend\.npm-cache\_logs\2026-02-22T18_23_29_352Z-debug-0.log
11 silly logfile done cleaning log files
12 http fetch GET 200 https://registry.npmjs.org/npm 360ms
13 http fetch GET 200 https://registry.npmjs.org/pino-pretty 480ms (cache miss)
14 verbose cwd d:\Users\adria\Downloads\zapflow\zapflow\backend
15 verbose os Windows_NT 10.0.26200
16 verbose node v24.13.0
17 verbose npm  v11.6.2
18 notice
18 notice New minor version of npm available! 11.6.2 -> 11.10.1
18 notice Changelog: https://github.com/npm/cli/releases/tag/v11.10.1
18 notice To update run: npm install -g npm@11.10.1
18 notice  { force: true, Symbol(proc-log.meta): true }
19 verbose exit 0
20 info ok
